{"/Users/andrefelipeschulle/Desenvolvimento/BrainyLab/OpenSource/react-select-utils/src/index.ts": {"path":"/Users/andrefelipeschulle/Desenvolvimento/BrainyLab/OpenSource/react-select-utils/src/index.ts","statementMap":{"0":{"start":{"line":4,"column":0},"end":{"line":4,"column":35}},"1":{"start":{"line":9,"column":0},"end":{"line":9,"column":9}},"2":{"start":{"line":9,"column":9},"end":{"line":9,"column":32}}},"fnMap":{"0":{"name":"(anonymous_4)","decl":{"start":{"line":9,"column":9},"end":{"line":9,"column":21}},"loc":{"start":{"line":9,"column":9},"end":{"line":9,"column":32}}}},"branchMap":{},"s":{"0":1,"1":1,"2":2},"f":{"0":1},"b":{}}
,"/Users/andrefelipeschulle/Desenvolvimento/BrainyLab/OpenSource/react-select-utils/src/lib/arrayConvert.ts": {"path":"/Users/andrefelipeschulle/Desenvolvimento/BrainyLab/OpenSource/react-select-utils/src/lib/arrayConvert.ts","statementMap":{"0":{"start":{"line":24,"column":40},"end":{"line":24,"column":42}},"1":{"start":{"line":29,"column":2},"end":{"line":29,"column":55}},"2":{"start":{"line":29,"column":19},"end":{"line":29,"column":55}},"3":{"start":{"line":31,"column":20},"end":{"line":34,"column":5}},"4":{"start":{"line":31,"column":41},"end":{"line":34,"column":4}},"5":{"start":{"line":36,"column":2},"end":{"line":36,"column":36}},"6":{"start":{"line":38,"column":2},"end":{"line":38,"column":24}},"7":{"start":{"line":18,"column":0},"end":{"line":18,"column":16}}},"fnMap":{"0":{"name":"arrayConvert","decl":{"start":{"line":18,"column":16},"end":{"line":18,"column":28}},"loc":{"start":{"line":23,"column":23},"end":{"line":39,"column":1}}},"1":{"name":"(anonymous_1)","decl":{"start":{"line":31,"column":30},"end":{"line":31,"column":31}},"loc":{"start":{"line":31,"column":41},"end":{"line":34,"column":4}}}},"branchMap":{"0":{"loc":{"start":{"line":29,"column":2},"end":{"line":29,"column":55}},"type":"if","locations":[{"start":{"line":29,"column":2},"end":{"line":29,"column":55}},{"start":{"line":29,"column":2},"end":{"line":29,"column":55}}]}},"s":{"0":3,"1":3,"2":2,"3":3,"4":6,"5":3,"6":3,"7":1},"f":{"0":3,"1":6},"b":{"0":[2,1]}}
}
